2026-01-22 13:31:12 INFO  BaseClass:65 - 🖥️ Running with VISIBLE browser
2026-01-22 13:31:41 INFO  BaseClass:161 - ✅ Cookies popup accepted
2026-01-22 13:31:46 INFO  BaseClass:54 - Login test executed successfully.
2026-01-22 13:31:57 INFO  BaseClass:164 - ℹ️ Cookies popup not displayed
2026-01-22 13:32:07 INFO  BaseClass:164 - ℹ️ Cookies popup not displayed
2026-01-22 13:32:11 INFO  BaseClass:299 - ✅ Selected option: Unfurnished
2026-01-22 13:32:12 INFO  BaseClass:299 - ✅ Selected option: Tiles
2026-01-22 13:32:13 INFO  BaseClass:299 - ✅ Selected option: Ready To Move
2026-01-22 13:32:14 INFO  BaseClass:299 - ✅ Selected option: East
2026-01-22 13:32:14 INFO  BaseClass:299 - ✅ Selected option: New
2026-01-22 13:32:29 INFO  BaseClass:164 - ℹ️ Cookies popup not displayed
2026-01-22 13:32:43 INFO  BaseClass:164 - ℹ️ Cookies popup not displayed
2026-01-22 13:33:35 INFO  BaseClass:164 - ℹ️ Cookies popup not displayed
2026-01-22 13:34:15 INFO  BaseClass:164 - ℹ️ Cookies popup not displayed
2026-01-22 13:35:07 INFO  BaseClass:164 - ℹ️ Cookies popup not displayed
2026-01-22 13:35:27 INFO  BaseClass:164 - ℹ️ Cookies popup not displayed
2026-01-22 13:35:58 INFO  BaseClass:164 - ℹ️ Cookies popup not displayed
2026-01-22 13:40:39 INFO  BaseClass:164 - ℹ️ Cookies popup not displayed
2026-01-22 13:42:45 INFO  BaseClass:220 - ℹ️ Chat widget not present
2026-01-22 13:42:55 INFO  BaseClass:252 - ℹ️ Tawk chat widget not present
2026-01-22 13:42:55 INFO  BaseClass:270 - 🚫 Chat widget disabled successfully
2026-01-22 13:42:57 INFO  TC02LogoutTest:46 - User logged off successfully
2026-01-22 13:43:14 INFO  BaseClass:100 - 🛑 Browser closed
